# JRE version: OpenJDK Runtime Environment Temurin-17.0.11+9 (17.0.11+9) (build 17.0.11+9)
# Java VM: OpenJDK 64-Bit Server VM Temurin-17.0.11+9 (17.0.11+9, mixed mode, tiered, compressed oops, compressed class ptrs, g1 gc, windows-amd64)
GC Precious Log:
 CPUs: 4 total, 4 available
 Memory: 8106M
 Large Page Support: Disabled
 NUMA Support: Disabled
 Compressed Oops: Enabled (Zero based)
 Heap Region Size: 2M
 Heap Min Capacity: 8M
 Heap Initial Capacity: 128M
 Heap Max Capacity: 4G
 Pre-touch: Disabled
 Parallel Workers: 4
 Concurrent Workers: 1
 Concurrent Refinement Workers: 4
 Periodic GC: Disabled
Heap:
 garbage-first heap   total 219136K, used 130548K [0x0000000700000000, 0x0000000800000000)
  region size 2048K, 8 young (16384K), 4 survivors (8192K)
 Metaspace       used 100315K, committed 101312K, reserved 1179648K
  class space    used 13740K, committed 14208K, reserved 1048576K
GC Heap History (20 events):
Event: 100.365 GC heap before
{Heap before GC invocations=49 (full 0):
 garbage-first heap   total 141312K, used 109053K [0x0000000700000000, 0x0000000800000000)
  region size 2048K, 18 young (36864K), 2 survivors (4096K)
 Metaspace       used 83060K, committed 83904K, reserved 1179648K
  class space    used 11252K, committed 11648K, reserved 1048576K
}
Event: 100.380 GC heap after
{Heap after GC invocations=50 (full 0):
 garbage-first heap   total 141312K, used 79210K [0x0000000700000000, 0x0000000800000000)
  region size 2048K, 3 young (6144K), 3 survivors (6144K)
 Metaspace       used 83060K, committed 83904K, reserved 1179648K
  class space    used 11252K, committed 11648K, reserved 1048576K
}
Event: 102.177 GC heap before
{Heap before GC invocations=50 (full 0):
 garbage-first heap   total 141312K, used 114026K [0x0000000700000000, 0x0000000800000000)
  region size 2048K, 20 young (40960K), 3 survivors (6144K)
 Metaspace       used 86257K, committed 87104K, reserved 1179648K
  class space    used 11860K, committed 12288K, reserved 1048576K
}
Event: 102.190 GC heap after
{Heap after GC invocations=51 (full 0):
 garbage-first heap   total 169984K, used 81165K [0x0000000700000000, 0x0000000800000000)
  region size 2048K, 3 young (6144K), 3 survivors (6144K)
 Metaspace       used 86257K, committed 87104K, reserved 1179648K
  class space    used 11860K, committed 12288K, reserved 1048576K
}
Event: 104.070 GC heap before
{Heap before GC invocations=52 (full 0):
 garbage-first heap   total 169984K, used 136461K [0x0000000700000000, 0x0000000800000000)
  region size 2048K, 30 young (61440K), 3 survivors (6144K)
 Metaspace       used 88918K, committed 89856K, reserved 1179648K
  class space    used 12240K, committed 12672K, reserved 1048576K
}
Event: 104.087 GC heap after
{Heap after GC invocations=53 (full 0):
 garbage-first heap   total 169984K, used 86232K [0x0000000700000000, 0x0000000800000000)
  region size 2048K, 4 young (8192K), 4 survivors (8192K)
 Metaspace       used 88918K, committed 89856K, reserved 1179648K
  class space    used 12240K, committed 12672K, reserved 1048576K
}
Event: 111.390 GC heap before
{Heap before GC invocations=53 (full 0):
 garbage-first heap   total 169984K, used 135384K [0x0000000700000000, 0x0000000800000000)
  region size 2048K, 29 young (59392K), 4 survivors (8192K)
 Metaspace       used 90350K, committed 91264K, reserved 1179648K
  class space    used 12415K, committed 12864K, reserved 1048576K
}
Event: 111.406 GC heap after
{Heap after GC invocations=54 (full 0):
 garbage-first heap   total 169984K, used 95068K [0x0000000700000000, 0x0000000800000000)
  region size 2048K, 4 young (8192K), 4 survivors (8192K)
 Metaspace       used 90350K, committed 91264K, reserved 1179648K
  class space    used 12415K, committed 12864K, reserved 1048576K
}
Event: 113.688 GC heap before
{Heap before GC invocations=55 (full 0):
 garbage-first heap   total 174080K, used 136028K [0x0000000700000000, 0x0000000800000000)
  region size 2048K, 24 young (49152K), 4 survivors (8192K)
 Metaspace       used 91546K, committed 92480K, reserved 1179648K
  class space    used 12620K, committed 13056K, reserved 1048576K
}
Event: 113.705 GC heap after
{Heap after GC invocations=56 (full 0):
 garbage-first heap   total 174080K, used 101887K [0x0000000700000000, 0x0000000800000000)
  region size 2048K, 3 young (6144K), 3 survivors (6144K)
 Metaspace       used 91546K, committed 92480K, reserved 1179648K
  class space    used 12620K, committed 13056K, reserved 1048576K
}
Event: 115.444 GC heap before
{Heap before GC invocations=56 (full 0):
 garbage-first heap   total 174080K, used 136703K [0x0000000700000000, 0x0000000800000000)
  region size 2048K, 21 young (43008K), 3 survivors (6144K)
 Metaspace       used 93315K, committed 94336K, reserved 1179648K
  class space    used 12741K, committed 13248K, reserved 1048576K
}
Event: 115.465 GC heap after
{Heap after GC invocations=57 (full 0):
 garbage-first heap   total 174080K, used 107904K [0x0000000700000000, 0x0000000800000000)
  region size 2048K, 3 young (6144K), 3 survivors (6144K)
 Metaspace       used 93315K, committed 94336K, reserved 1179648K
  class space    used 12741K, committed 13248K, reserved 1048576K
}
Event: 119.198 GC heap before
{Heap before GC invocations=58 (full 0):
 garbage-first heap   total 184320K, used 138624K [0x0000000700000000, 0x0000000800000000)
  region size 2048K, 18 young (36864K), 3 survivors (6144K)
 Metaspace       used 95393K, committed 96384K, reserved 1179648K
  class space    used 13042K, committed 13504K, reserved 1048576K
}
Event: 119.216 GC heap after
{Heap after GC invocations=59 (full 0):
 garbage-first heap   total 184320K, used 110504K [0x0000000700000000, 0x0000000800000000)
  region size 2048K, 2 young (4096K), 2 survivors (4096K)
 Metaspace       used 95393K, committed 96384K, reserved 1179648K
  class space    used 13042K, committed 13504K, reserved 1048576K
}
Event: 120.647 GC heap before
{Heap before GC invocations=59 (full 0):
 garbage-first heap   total 184320K, used 149416K [0x0000000700000000, 0x0000000800000000)
  region size 2048K, 21 young (43008K), 2 survivors (4096K)
 Metaspace       used 97583K, committed 98624K, reserved 1179648K
  class space    used 13349K, committed 13824K, reserved 1048576K
}
Event: 120.662 GC heap after
{Heap after GC invocations=60 (full 0):
 garbage-first heap   total 184320K, used 113340K [0x0000000700000000, 0x0000000800000000)
  region size 2048K, 3 young (6144K), 3 survivors (6144K)
 Metaspace       used 97583K, committed 98624K, reserved 1179648K
  class space    used 13349K, committed 13824K, reserved 1048576K
}
Event: 121.797 GC heap before
{Heap before GC invocations=61 (full 0):
 garbage-first heap   total 212992K, used 148156K [0x0000000700000000, 0x0000000800000000)
  region size 2048K, 20 young (40960K), 3 survivors (6144K)
 Metaspace       used 99367K, committed 100352K, reserved 1179648K
  class space    used 13614K, committed 14080K, reserved 1048576K
}
Event: 121.813 GC heap after
{Heap after GC invocations=62 (full 0):
 garbage-first heap   total 212992K, used 115849K [0x0000000700000000, 0x0000000800000000)
  region size 2048K, 3 young (6144K), 3 survivors (6144K)
 Metaspace       used 99367K, committed 100352K, reserved 1179648K
  class space    used 13614K, committed 14080K, reserved 1048576K
}
Event: 123.702 GC heap before
{Heap before GC invocations=62 (full 0):
 garbage-first heap   total 212992K, used 173193K [0x0000000700000000, 0x0000000800000000)
  region size 2048K, 31 young (63488K), 3 survivors (6144K)
 Metaspace       used 100213K, committed 101248K, reserved 1179648K
  class space    used 13725K, committed 14208K, reserved 1048576K
}
Event: 123.726 GC heap after
{Heap after GC invocations=63 (full 0):
 garbage-first heap   total 212992K, used 124404K [0x0000000700000000, 0x0000000800000000)
  region size 2048K, 4 young (8192K), 4 survivors (8192K)
 Metaspace       used 100213K, committed 101248K, reserved 1179648K
  class space    used 13725K, committed 14208K, reserved 1048576K
}

